Command line:
   and_gate_tb_isim_beh.exe
     -simmode  gui
     -simrunnum  0
     -socket  50353

Sat May 11 07:55:09 2024


 Elaboration Time: 0.0625 sec

 Current Memory Usage: 5135.88 Meg

 Total Signals          : 16
 Total Nets             : 15
 Total Signal Drivers   : 8
 Total Blocks           : 3
 Total Primitive Blocks : 2
 Total Processes        : 10
 Total Traceable Variables  : 20
 Total Scalar Nets and Variables : 97
Total Line Count : 24

 Total Simulation Time: 0.078125 sec

 Current Memory Usage: 4664.02 Meg

Sat May 11 08:25:50 2024

