Command line:
   or_gate_tb_isim_beh.exe
     -simmode  gui
     -simrunnum  0
     -socket  49682

Tue May 14 15:29:32 2024


 Elaboration Time: 0.0625 sec

 Current Memory Usage: 5135.9 Meg

 Total Signals          : 16
 Total Nets             : 15
 Total Signal Drivers   : 8
 Total Blocks           : 3
 Total Primitive Blocks : 2
 Total Processes        : 10
 Total Traceable Variables  : 20
 Total Scalar Nets and Variables : 97
Total Line Count : 28

 Total Simulation Time: 0.0625 sec

 Current Memory Usage: 4664.04 Meg

Tue May 14 16:31:02 2024

